#
# There is insufficient memory for the Java Runtime Environment to continue.
# Native memory allocation (mmap) failed to map 100663296 bytes for Failed to commit area from 0x00000000a1400000 to 0x00000000a7400000 of length 100663296.
# Possible reasons:
#   The system is out of physical RAM or swap space
#   The process is running with CompressedOops enabled, and the Java Heap may be blocking the growth of the native heap
# Possible solutions:
#   Reduce memory load on the system
#   Increase physical memory or swap space
#   Check if swap backing store is full
#   Decrease Java heap size (-Xmx/-Xms)
#   Decrease number of Java threads
#   Decrease Java thread stack sizes (-Xss)
#   Set larger code cache with -XX:ReservedCodeCacheSize=
# This output file may be truncated or incomplete.
#
#  Out of Memory Error (./open/src/hotspot/os/windows/os_windows.cpp:3273), pid=50704, tid=39644
#
# JRE version:  (11.0.12+8) (build )
# Java VM: Java HotSpot(TM) 64-Bit Server VM (11.0.12+8-LTS-237, mixed mode, sharing, tiered, compressed oops, g1 gc, windows-amd64)
# No core dump will be written. Minidumps are not enabled by default on client versions of Windows
#

---------------  S U M M A R Y ------------

Command Line: -Dmaven.multiModuleProjectDirectory=C:\Users\12027\IdeaProjects\Library_CT -Dmaven.home=C:\Users\12027\AppData\Local\JetBrains\Toolbox\apps\IDEA-U\ch-0\221.5787.30\plugins\maven\lib\maven3 -Dclassworlds.conf=C:\Users\12027\AppData\Local\JetBrains\Toolbox\apps\IDEA-U\ch-0\221.5787.30\plugins\maven\lib\maven3\bin\m2.conf -Dmaven.ext.class.path=C:\Users\12027\AppData\Local\JetBrains\Toolbox\apps\IDEA-U\ch-0\221.5787.30\plugins\maven\lib\maven-event-listener.jar -javaagent:C:\Users\12027\AppData\Local\JetBrains\Toolbox\apps\IDEA-U\ch-0\221.5787.30\lib\idea_rt.jar=51497:C:\Users\12027\AppData\Local\JetBrains\Toolbox\apps\IDEA-U\ch-0\221.5787.30\bin -Dfile.encoding=UTF-8 org.codehaus.classworlds.Launcher -Didea.version=2022.1.2 verify

Host: AMD Ryzen 3 3250U with Radeon Graphics         , 4 cores, 5G,  Windows 10 , 64 bit Build 22000 (10.0.22000.1219)
Time: Sat Dec  3 16:01:25 2022 Eastern Standard Time elapsed time: 0.019567 seconds (0d 0h 0m 0s)

---------------  T H R E A D  ---------------

Current thread (0x0000027d2c63a000):  JavaThread "Unknown thread" [_thread_in_vm, id=39644, stack(0x000000f7cb700000,0x000000f7cb800000)]

Stack: [0x000000f7cb700000,0x000000f7cb800000]
Native frames: (J=compiled Java code, j=interpreted, Vv=VM code, C=native code)
V  [jvm.dll+0x617d9a]
V  [jvm.dll+0x74eeef]
V  [jvm.dll+0x750599]
V  [jvm.dll+0x750c23]
V  [jvm.dll+0x2438d8]
V  [jvm.dll+0x61518a]
V  [jvm.dll+0x609f45]
V  [jvm.dll+0x2f85cc]
V  [jvm.dll+0x2f8452]
V  [jvm.dll+0x2fd106]
V  [jvm.dll+0x33f6ef]
V  [jvm.dll+0x33f120]
V  [jvm.dll+0x2d5ca8]
V  [jvm.dll+0x2d6e06]
V  [jvm.dll+0x72a977]
V  [jvm.dll+0x72c21f]
V  [jvm.dll+0x34c469]
V  [jvm.dll+0x710400]
V  [jvm.dll+0x3b5baf]
V  [jvm.dll+0x3b7cb1]
C  [jli.dll+0x520b]
C  [ucrtbase.dll+0x26c0c]
C  [KERNEL32.DLL+0x15550]
C  [ntdll.dll+0x485b]


---------------  P R O C E S S  ---------------

Threads class SMR info:
_java_thread_list=0x0000027d2a5125c0, length=0, elements={
}

Java Threads: ( => current thread )

Other Threads:
  0x0000027d2c64e800 GCTaskThread "GC Thread#0" [stack: 0x000000f7cb800000,0x000000f7cb900000] [id=43916]
  0x0000027d2c677800 ConcurrentGCThread "G1 Main Marker" [stack: 0x000000f7cb900000,0x000000f7cba00000] [id=50780]
  0x0000027d2c678800 ConcurrentGCThread "G1 Conc#0" [stack: 0x000000f7cba00000,0x000000f7cbb00000] [id=33868]

[error occurred during error reporting (printing all threads), id 0xc0000005, EXCEPTION_ACCESS_VIOLATION (0xc0000005) at pc=0x00007fff1eea4f37]

VM state:not at safepoint (not fully initialized)

VM Mutex/Monitor currently owned by a thread:  ([mutex/lock_event])
[0x0000027d2c634a80] Heap_lock - owner thread: 0x0000027d2c63a000

Heap address: 0x00000000a1400000, size: 1516 MB, Compressed Oops mode: Non-zero based: 0x00000000a1400000
Narrow klass base: 0x0000000000000000, Narrow klass shift: 0

GC Heap History (0 events):
No events

Deoptimization events (0 events):
No events

Classes redefined (0 events):
No events

Internal exceptions (0 events):
No events

Events (0 events):
No events


Dynamic libraries:
0x00007ff736690000 - 0x00007ff73669f000 	C:\Program Files\Java\jdk-11.0.12\bin\java.exe
0x00007fff9ecc0000 - 0x00007fff9eec9000 	C:\WINDOWS\SYSTEM32\ntdll.dll
0x00007fff9d500000 - 0x00007fff9d5be000 	C:\WINDOWS\System32\KERNEL32.DLL
0x00007fff9c7c0000 - 0x00007fff9cb3b000 	C:\WINDOWS\System32\KERNELBASE.dll
0x00007fff9c500000 - 0x00007fff9c611000 	C:\WINDOWS\System32\ucrtbase.dll
0x00007fff89620000 - 0x00007fff89635000 	C:\Program Files\Java\jdk-11.0.12\bin\VCRUNTIME140.dll
0x00007fff896e0000 - 0x00007fff896f8000 	C:\Program Files\Java\jdk-11.0.12\bin\jli.dll
0x00007fff9e6c0000 - 0x00007fff9e76e000 	C:\WINDOWS\System32\ADVAPI32.dll
0x00007fff9d750000 - 0x00007fff9d7f3000 	C:\WINDOWS\System32\msvcrt.dll
0x00007fff9cc60000 - 0x00007fff9ccfe000 	C:\WINDOWS\System32\sechost.dll
0x00007fff9cb40000 - 0x00007fff9cc60000 	C:\WINDOWS\System32\RPCRT4.dll
0x00007fff9ead0000 - 0x00007fff9ec7d000 	C:\WINDOWS\System32\USER32.dll
0x00007fff9c410000 - 0x00007fff9c436000 	C:\WINDOWS\System32\win32u.dll
0x00007fff81960000 - 0x00007fff81c05000 	C:\WINDOWS\WinSxS\amd64_microsoft.windows.common-controls_6595b64144ccf1df_6.0.22000.120_none_9d947278b86cc467\COMCTL32.dll
0x00007fff9eaa0000 - 0x00007fff9eac9000 	C:\WINDOWS\System32\GDI32.dll
0x00007fff9c620000 - 0x00007fff9c738000 	C:\WINDOWS\System32\gdi32full.dll
0x00007fff9c200000 - 0x00007fff9c29d000 	C:\WINDOWS\System32\msvcp_win.dll
0x00007fff95cb0000 - 0x00007fff95cba000 	C:\WINDOWS\SYSTEM32\VERSION.dll
0x00007fff9e850000 - 0x00007fff9e882000 	C:\WINDOWS\System32\IMM32.DLL
0x00007fff7a7d0000 - 0x00007fff7a86b000 	C:\Program Files\Java\jdk-11.0.12\bin\msvcp140.dll
0x00007fff1ebc0000 - 0x00007fff1f6bf000 	C:\Program Files\Java\jdk-11.0.12\bin\server\jvm.dll
0x00007fff9e590000 - 0x00007fff9e598000 	C:\WINDOWS\System32\PSAPI.DLL
0x00007fff7a590000 - 0x00007fff7a599000 	C:\WINDOWS\SYSTEM32\WSOCK32.dll
0x00007fff97570000 - 0x00007fff975a3000 	C:\WINDOWS\SYSTEM32\WINMM.dll
0x00007fff9d5e0000 - 0x00007fff9d64f000 	C:\WINDOWS\System32\WS2_32.dll
0x00007fff9b210000 - 0x00007fff9b228000 	C:\WINDOWS\SYSTEM32\kernel.appcore.dll
0x00007fff8d350000 - 0x00007fff8d360000 	C:\Program Files\Java\jdk-11.0.12\bin\verify.dll
0x00007fff8aa60000 - 0x00007fff8ac81000 	C:\WINDOWS\SYSTEM32\DBGHELP.DLL
0x00007fff89e30000 - 0x00007fff89e61000 	C:\WINDOWS\SYSTEM32\dbgcore.DLL
0x00007fff9c740000 - 0x00007fff9c7bf000 	C:\WINDOWS\System32\bcryptPrimitives.dll
0x00007fff894d0000 - 0x00007fff894f8000 	C:\Program Files\Java\jdk-11.0.12\bin\java.dll
0x00007fff89610000 - 0x00007fff8961a000 	C:\Program Files\Java\jdk-11.0.12\bin\jimage.dll
0x00007fff89500000 - 0x00007fff8950e000 	C:\Program Files\Java\jdk-11.0.12\bin\instrument.dll
0x00007fff89380000 - 0x00007fff89396000 	C:\Program Files\Java\jdk-11.0.12\bin\zip.dll

dbghelp: loaded successfully - version: 4.0.5 - missing functions: none
symbol engine: initialized successfully - sym options: 0x614 - pdb path: .;C:\Program Files\Java\jdk-11.0.12\bin;C:\WINDOWS\SYSTEM32;C:\WINDOWS\WinSxS\amd64_microsoft.windows.common-controls_6595b64144ccf1df_6.0.22000.120_none_9d947278b86cc467;C:\Program Files\Java\jdk-11.0.12\bin\server

VM Arguments:
jvm_args: -Dmaven.multiModuleProjectDirectory=C:\Users\12027\IdeaProjects\Library_CT -Dmaven.home=C:\Users\12027\AppData\Local\JetBrains\Toolbox\apps\IDEA-U\ch-0\221.5787.30\plugins\maven\lib\maven3 -Dclassworlds.conf=C:\Users\12027\AppData\Local\JetBrains\Toolbox\apps\IDEA-U\ch-0\221.5787.30\plugins\maven\lib\maven3\bin\m2.conf -Dmaven.ext.class.path=C:\Users\12027\AppData\Local\JetBrains\Toolbox\apps\IDEA-U\ch-0\221.5787.30\plugins\maven\lib\maven-event-listener.jar -javaagent:C:\Users\12027\AppData\Local\JetBrains\Toolbox\apps\IDEA-U\ch-0\221.5787.30\lib\idea_rt.jar=51497:C:\Users\12027\AppData\Local\JetBrains\Toolbox\apps\IDEA-U\ch-0\221.5787.30\bin -Dfile.encoding=UTF-8 
java_command: org.codehaus.classworlds.Launcher -Didea.version=2022.1.2 verify
java_class_path (initial): C:\Users\12027\AppData\Local\JetBrains\Toolbox\apps\IDEA-U\ch-0\221.5787.30\plugins\maven\lib\maven3\boot\plexus-classworlds-2.6.0.jar;C:\Users\12027\AppData\Local\JetBrains\Toolbox\apps\IDEA-U\ch-0\221.5787.30\plugins\maven\lib\maven3\boot\plexus-classworlds.license
Launcher Type: SUN_STANDARD

[Global flags]
     intx CICompilerCount                          = 3                                         {product} {ergonomic}
     uint ConcGCThreads                            = 1                                         {product} {ergonomic}
     uint G1ConcRefinementThreads                  = 4                                         {product} {ergonomic}
   size_t G1HeapRegionSize                         = 1048576                                   {product} {ergonomic}
    uintx GCDrainStackTargetSize                   = 64                                        {product} {ergonomic}
   size_t InitialHeapSize                          = 100663296                                 {product} {ergonomic}
   size_t MarkStackSize                            = 4194304                                   {product} {ergonomic}
   size_t MaxHeapSize                              = 1589641216                                {product} {ergonomic}
   size_t MinHeapDeltaBytes                        = 1048576                                   {product} {ergonomic}
    uintx NonNMethodCodeHeapSize                   = 5830732                                {pd product} {ergonomic}
    uintx NonProfiledCodeHeapSize                  = 122913754                              {pd product} {ergonomic}
    uintx ProfiledCodeHeapSize                     = 122913754                              {pd product} {ergonomic}
    uintx ReservedCodeCacheSize                    = 251658240                              {pd product} {ergonomic}
     bool SegmentedCodeCache                       = true                                      {product} {ergonomic}
     bool UseCompressedClassPointers               = true                                 {lp64_product} {ergonomic}
     bool UseCompressedOops                        = true                                 {lp64_product} {ergonomic}
     bool UseG1GC                                  = true                                      {product} {ergonomic}
     bool UseLargePagesIndividualAllocation        = false                                  {pd product} {ergonomic}

Logging:
Log output configuration:
 #0: stdout all=warning uptime,level,tags
 #1: stderr all=off uptime,level,tags

Environment Variables:
PATH=C:\Program Files\Common Files\Oracle\Java\javapath;C:\Program Files (x86)\Common Files\Oracle\Java\javapath;C:\WINDOWS\system32;C:\WINDOWS;C:\WINDOWS\System32\Wbem;C:\WINDOWS\System32\WindowsPowerShell\v1.0\;C:\WINDOWS\System32\OpenSSH\;C:\Program Files\Java\jdk1.8.0_321\bin;C:\Program Files\Java\jdk1.8.0_321\bin;C:\Users\12027\AppData\Local\Microsoft\WindowsApps;C:\Program Files\Java\jdk-13.0.1\bin.;C:\Users\12027\AppData\Local\JetBrains\Toolbox\scripts;C:\Users\12027\AppData\Local\Programs\Git\cmd
USERNAME=ikram
OS=Windows_NT
PROCESSOR_IDENTIFIER=AMD64 Family 23 Model 24 Stepping 1, AuthenticAMD



---------------  S Y S T E M  ---------------

OS: Windows 10 , 64 bit Build 22000 (10.0.22000.1219)

CPU:total 4 (initial active 4) (4 cores per cpu, 2 threads per core) family 23 model 24 stepping 1 microcode 0x0, cmov, cx8, fxsr, mmx, sse, sse2, sse3, ssse3, sse4.1, sse4.2, popcnt, avx, avx2, aes, clmul, mmxext, 3dnowpref, lzcnt, sse4a, ht, tsc, tscinvbit, tscinv, bmi1, bmi2, adx, s

Memory: 4k page, system-wide physical 6063M (431M free)
TotalPageFile size 24495M (AvailPageFile size 86M)
current process WorkingSet (physical memory assigned to process): 10M, peak: 10M
current process commit charge ("private bytes"): 51M, peak: 147M

vm_info: Java HotSpot(TM) 64-Bit Server VM (11.0.12+8-LTS-237) for windows-amd64 JRE (11.0.12+8-LTS-237), built on Jun  8 2021 11:25:59 by "mach5one" with MS VC++ 15.9 (VS2017)

END.
