#
# There is insufficient memory for the Java Runtime Environment to continue.
# Native memory allocation (malloc) failed to allocate 32744 bytes for ChunkPool::allocate
# Possible reasons:
#   The system is out of physical RAM or swap space
#   The process is running with CompressedOops enabled, and the Java Heap may be blocking the growth of the native heap
# Possible solutions:
#   Reduce memory load on the system
#   Increase physical memory or swap space
#   Check if swap backing store is full
#   Decrease Java heap size (-Xmx/-Xms)
#   Decrease number of Java threads
#   Decrease Java thread stack sizes (-Xss)
#   Set larger code cache with -XX:ReservedCodeCacheSize=
#   JVM is running with Unscaled Compressed Oops mode in which the Java heap is
#     placed in the first 4GB address space. The Java Heap base address is the
#     maximum limit for the native heap growth. Please use -XX:HeapBaseMinAddress
#     to set the Java Heap base and to place the Java Heap above 4GB virtual address.
# This output file may be truncated or incomplete.
#
#  Out of Memory Error (./open/src/hotspot/share/memory/arena.cpp:81), pid=12436, tid=47524
#
# JRE version: Java(TM) SE Runtime Environment 18.9 (11.0.12+8) (build 11.0.12+8-LTS-237)
# Java VM: Java HotSpot(TM) 64-Bit Server VM 18.9 (11.0.12+8-LTS-237, mixed mode, tiered, compressed oops, g1 gc, windows-amd64)
# No core dump will be written. Minidumps are not enabled by default on client versions of Windows
#

---------------  S U M M A R Y ------------

Command Line: -ea -DnodeNamesHandler=org.jetbrains.plugins.cucumber.java.run.CucumberTestTreeNodeManager -Didea.test.cyclic.buffer.size=1048576 -javaagent:C:\Users\12027\AppData\Local\JetBrains\Toolbox\apps\IDEA-U\ch-0\221.5787.30\lib\idea_rt.jar=51452:C:\Users\12027\AppData\Local\JetBrains\Toolbox\apps\IDEA-U\ch-0\221.5787.30\bin -Dfile.encoding=UTF-8 com.intellij.rt.junit.JUnitStarter -ideVersion5 -junit4 com.library.runner.CukesRunner

Host: AMD Ryzen 3 3250U with Radeon Graphics         , 4 cores, 5G,  Windows 10 , 64 bit Build 22000 (10.0.22000.1219)
Time: Sat Dec  3 16:00:15 2022 Eastern Standard Time elapsed time: 7.185259 seconds (0d 0h 0m 7s)

---------------  T H R E A D  ---------------

Current thread (0x0000011ebb25d800):  JavaThread "C2 CompilerThread0" daemon [_thread_in_native, id=47524, stack(0x0000000af8200000,0x0000000af8300000)]


Current CompileTask:
C2:   7185 2477       4       java.lang.invoke.MethodType::makeImpl (108 bytes)

Stack: [0x0000000af8200000,0x0000000af8300000]
Native frames: (J=compiled Java code, j=interpreted, Vv=VM code, C=native code)
V  [jvm.dll+0x617d9a]
V  [jvm.dll+0x74eeef]
V  [jvm.dll+0x750599]
V  [jvm.dll+0x750c23]
V  [jvm.dll+0x2438d8]
V  [jvm.dll+0xba93b]
V  [jvm.dll+0xbac9c]
V  [jvm.dll+0x34c138]
V  [jvm.dll+0x34b5e1]
V  [jvm.dll+0x34b624]
V  [jvm.dll+0x51211c]
V  [jvm.dll+0x5128f2]
V  [jvm.dll+0x3147d2]
V  [jvm.dll+0x313aea]
V  [jvm.dll+0x1fd105]
V  [jvm.dll+0x1fc2ed]
V  [jvm.dll+0x17f18c]
V  [jvm.dll+0x20b87c]
V  [jvm.dll+0x20997b]
V  [jvm.dll+0x716359]
V  [jvm.dll+0x70f064]
V  [jvm.dll+0x616f66]
C  [ucrtbase.dll+0x26c0c]
C  [KERNEL32.DLL+0x15550]
C  [ntdll.dll+0x485b]


---------------  P R O C E S S  ---------------

Threads class SMR info:
_java_thread_list=0x0000011ebd480a60, length=19, elements={
0x0000011e9e047000, 0x0000011ebb23d000, 0x0000011ebb245800, 0x0000011ebbbe2800,
0x0000011ebb257000, 0x0000011ebb257800, 0x0000011ebb25d800, 0x0000011ebb261000,
0x0000011ebb279800, 0x0000011e9e10d000, 0x0000011ebbf92800, 0x0000011ebd26a800,
0x0000011ebd324800, 0x0000011ebea58000, 0x0000011ebd267800, 0x0000011ebc4d1800,
0x0000011ebd20a800, 0x0000011ebd68b000, 0x0000011ebd3f4000
}

Java Threads: ( => current thread )
  0x0000011e9e047000 JavaThread "Forwarding maximizeCurrentWindow on session 4fe71a4b35af41d2215b5da1da7236f5 to remote" [_thread_in_native, id=43616, stack(0x0000000af7600000,0x0000000af7700000)]
  0x0000011ebb23d000 JavaThread "Reference Handler" daemon [_thread_blocked, id=51440, stack(0x0000000af7d00000,0x0000000af7e00000)]
  0x0000011ebb245800 JavaThread "Finalizer" daemon [_thread_blocked, id=53496, stack(0x0000000af7e00000,0x0000000af7f00000)]
  0x0000011ebbbe2800 JavaThread "Signal Dispatcher" daemon [_thread_blocked, id=53884, stack(0x0000000af7f00000,0x0000000af8000000)]
  0x0000011ebb257000 JavaThread "Attach Listener" daemon [_thread_blocked, id=43864, stack(0x0000000af8000000,0x0000000af8100000)]
  0x0000011ebb257800 JavaThread "Service Thread" daemon [_thread_blocked, id=43280, stack(0x0000000af8100000,0x0000000af8200000)]
=>0x0000011ebb25d800 JavaThread "C2 CompilerThread0" daemon [_thread_in_native, id=47524, stack(0x0000000af8200000,0x0000000af8300000)]
  0x0000011ebb261000 JavaThread "C1 CompilerThread0" daemon [_thread_blocked, id=26300, stack(0x0000000af8300000,0x0000000af8400000)]
  0x0000011ebb279800 JavaThread "Sweeper thread" daemon [_thread_blocked, id=52808, stack(0x0000000af8400000,0x0000000af8500000)]
  0x0000011e9e10d000 JavaThread "Common-Cleaner" daemon [_thread_blocked, id=34128, stack(0x0000000af8500000,0x0000000af8600000)]
  0x0000011ebbf92800 JavaThread "Monitor Ctrl-Break" daemon [_thread_in_native, id=39776, stack(0x0000000af8600000,0x0000000af8700000)]
  0x0000011ebd26a800 JavaThread "Exec Default Executor" daemon [_thread_in_native, id=53004, stack(0x0000000af8a00000,0x0000000af8b00000)]
  0x0000011ebd324800 JavaThread "UrlChecker-2" daemon [_thread_blocked, id=25392, stack(0x0000000af8b00000,0x0000000af8c00000)]
  0x0000011ebea58000 JavaThread "Exec Stream Pumper" daemon [_thread_in_native, id=36428, stack(0x0000000af8d00000,0x0000000af8e00000)]
  0x0000011ebd267800 JavaThread "Exec Stream Pumper" daemon [_thread_in_native, id=36552, stack(0x0000000af8e00000,0x0000000af8f00000)]
  0x0000011ebc4d1800 JavaThread "Keep-Alive-Timer" daemon [_thread_blocked, id=52984, stack(0x0000000af8800000,0x0000000af8900000)]
  0x0000011ebd20a800 JavaThread "OkHttp ConnectionPool" daemon [_thread_blocked, id=35688, stack(0x0000000af9000000,0x0000000af9100000)]
  0x0000011ebd68b000 JavaThread "Okio Watchdog" daemon [_thread_blocked, id=48644, stack(0x0000000af9100000,0x0000000af9200000)]
  0x0000011ebd3f4000 JavaThread "C2 CompilerThread1" daemon [_thread_blocked, id=47164, stack(0x0000000af8f00000,0x0000000af9000000)]

Other Threads:
  0x0000011ebb218800 VMThread "VM Thread" [stack: 0x0000000af7c00000,0x0000000af7d00000] [id=42312]
  0x0000011ebbf93800 WatcherThread [stack: 0x0000000af8700000,0x0000000af8800000] [id=49468]
  0x0000011e9e05d000 GCTaskThread "GC Thread#0" [stack: 0x0000000af7700000,0x0000000af7800000] [id=9676]
  0x0000011ebc35e000 GCTaskThread "GC Thread#1" [stack: 0x0000000af8900000,0x0000000af8a00000] [id=27500]
  0x0000011e9e084800 ConcurrentGCThread "G1 Main Marker" [stack: 0x0000000af7800000,0x0000000af7900000] [id=32396]
  0x0000011e9e086800 ConcurrentGCThread "G1 Conc#0" [stack: 0x0000000af7900000,0x0000000af7a00000] [id=36272]
  0x0000011e9e0fb800 ConcurrentGCThread "G1 Refine#0" [stack: 0x0000000af7a00000,0x0000000af7b00000] [id=30392]
  0x0000011e9e0fe800 ConcurrentGCThread "G1 Young RemSet Sampling" [stack: 0x0000000af7b00000,0x0000000af7c00000] [id=47856]

Threads with active compile tasks:
C2 CompilerThread0   7237 2477       4       java.lang.invoke.MethodType::makeImpl (108 bytes)

VM state:not at safepoint (normal execution)

VM Mutex/Monitor currently owned by a thread: None

Heap address: 0x00000000a1400000, size: 1516 MB, Compressed Oops mode: 32-bit
Narrow klass base: 0x0000000000000000, Narrow klass shift: 3
Compressed class space size: 1073741824 Address: 0x0000000100000000

Heap:
 garbage-first heap   total 98304K, used 47842K [0x00000000a1400000, 0x0000000100000000)
  region size 1024K, 46 young (47104K), 6 survivors (6144K)
 Metaspace       used 29178K, capacity 30006K, committed 30256K, reserved 1075200K
  class space    used 3308K, capacity 3636K, committed 3712K, reserved 1048576K
Heap Regions: E=young(eden), S=young(survivor), O=old, HS=humongous(starts), HC=humongous(continues), CS=collection set, F=free, A=archive, TAMS=top-at-mark-start (previous, next)
|   0|0x00000000a1400000, 0x00000000a1500000, 0x00000000a1500000|100%| O|  |TAMS 0x00000000a1500000, 0x00000000a1400000| Untracked 
|   1|0x00000000a1500000, 0x00000000a1600000, 0x00000000a1600000|100%| O|  |TAMS 0x00000000a1600000, 0x00000000a1500000| Untracked 
|   2|0x00000000a1600000, 0x00000000a1656000, 0x00000000a1700000| 33%| O|  |TAMS 0x00000000a1656000, 0x00000000a1600000| Untracked 
|   3|0x00000000a1700000, 0x00000000a1700000, 0x00000000a1800000|  0%| F|  |TAMS 0x00000000a1700000, 0x00000000a1700000| Untracked 
|   4|0x00000000a1800000, 0x00000000a1800000, 0x00000000a1900000|  0%| F|  |TAMS 0x00000000a1800000, 0x00000000a1800000| Untracked 
|   5|0x00000000a1900000, 0x00000000a1900000, 0x00000000a1a00000|  0%| F|  |TAMS 0x00000000a1900000, 0x00000000a1900000| Untracked 
|   6|0x00000000a1a00000, 0x00000000a1a00000, 0x00000000a1b00000|  0%| F|  |TAMS 0x00000000a1a00000, 0x00000000a1a00000| Untracked 
|   7|0x00000000a1b00000, 0x00000000a1b00000, 0x00000000a1c00000|  0%| F|  |TAMS 0x00000000a1b00000, 0x00000000a1b00000| Untracked 
|   8|0x00000000a1c00000, 0x00000000a1c00000, 0x00000000a1d00000|  0%| F|  |TAMS 0x00000000a1c00000, 0x00000000a1c00000| Untracked 
|   9|0x00000000a1d00000, 0x00000000a1d00000, 0x00000000a1e00000|  0%| F|  |TAMS 0x00000000a1d00000, 0x00000000a1d00000| Untracked 
|  10|0x00000000a1e00000, 0x00000000a1e00000, 0x00000000a1f00000|  0%| F|  |TAMS 0x00000000a1e00000, 0x00000000a1e00000| Untracked 
|  11|0x00000000a1f00000, 0x00000000a1f00000, 0x00000000a2000000|  0%| F|  |TAMS 0x00000000a1f00000, 0x00000000a1f00000| Untracked 
|  12|0x00000000a2000000, 0x00000000a2000000, 0x00000000a2100000|  0%| F|  |TAMS 0x00000000a2000000, 0x00000000a2000000| Untracked 
|  13|0x00000000a2100000, 0x00000000a2100000, 0x00000000a2200000|  0%| F|  |TAMS 0x00000000a2100000, 0x00000000a2100000| Untracked 
|  14|0x00000000a2200000, 0x00000000a2200000, 0x00000000a2300000|  0%| F|  |TAMS 0x00000000a2200000, 0x00000000a2200000| Untracked 
|  15|0x00000000a2300000, 0x00000000a2300000, 0x00000000a2400000|  0%| F|  |TAMS 0x00000000a2300000, 0x00000000a2300000| Untracked 
|  16|0x00000000a2400000, 0x00000000a2400000, 0x00000000a2500000|  0%| F|  |TAMS 0x00000000a2400000, 0x00000000a2400000| Untracked 
|  17|0x00000000a2500000, 0x00000000a2500000, 0x00000000a2600000|  0%| F|  |TAMS 0x00000000a2500000, 0x00000000a2500000| Untracked 
|  18|0x00000000a2600000, 0x00000000a2600000, 0x00000000a2700000|  0%| F|  |TAMS 0x00000000a2600000, 0x00000000a2600000| Untracked 
|  19|0x00000000a2700000, 0x00000000a2700000, 0x00000000a2800000|  0%| F|  |TAMS 0x00000000a2700000, 0x00000000a2700000| Untracked 
|  20|0x00000000a2800000, 0x00000000a2800000, 0x00000000a2900000|  0%| F|  |TAMS 0x00000000a2800000, 0x00000000a2800000| Untracked 
|  21|0x00000000a2900000, 0x00000000a2900000, 0x00000000a2a00000|  0%| F|  |TAMS 0x00000000a2900000, 0x00000000a2900000| Untracked 
|  22|0x00000000a2a00000, 0x00000000a2a00000, 0x00000000a2b00000|  0%| F|  |TAMS 0x00000000a2a00000, 0x00000000a2a00000| Untracked 
|  23|0x00000000a2b00000, 0x00000000a2b00000, 0x00000000a2c00000|  0%| F|  |TAMS 0x00000000a2b00000, 0x00000000a2b00000| Untracked 
|  24|0x00000000a2c00000, 0x00000000a2c00000, 0x00000000a2d00000|  0%| F|  |TAMS 0x00000000a2c00000, 0x00000000a2c00000| Untracked 
|  25|0x00000000a2d00000, 0x00000000a2d00000, 0x00000000a2e00000|  0%| F|  |TAMS 0x00000000a2d00000, 0x00000000a2d00000| Untracked 
|  26|0x00000000a2e00000, 0x00000000a2e00000, 0x00000000a2f00000|  0%| F|  |TAMS 0x00000000a2e00000, 0x00000000a2e00000| Untracked 
|  27|0x00000000a2f00000, 0x00000000a2f00000, 0x00000000a3000000|  0%| F|  |TAMS 0x00000000a2f00000, 0x00000000a2f00000| Untracked 
|  28|0x00000000a3000000, 0x00000000a3000000, 0x00000000a3100000|  0%| F|  |TAMS 0x00000000a3000000, 0x00000000a3000000| Untracked 
|  29|0x00000000a3100000, 0x00000000a3100000, 0x00000000a3200000|  0%| F|  |TAMS 0x00000000a3100000, 0x00000000a3100000| Untracked 
|  30|0x00000000a3200000, 0x00000000a3200000, 0x00000000a3300000|  0%| F|  |TAMS 0x00000000a3200000, 0x00000000a3200000| Untracked 
|  31|0x00000000a3300000, 0x00000000a3300000, 0x00000000a3400000|  0%| F|  |TAMS 0x00000000a3300000, 0x00000000a3300000| Untracked 
|  32|0x00000000a3400000, 0x00000000a3400000, 0x00000000a3500000|  0%| F|  |TAMS 0x00000000a3400000, 0x00000000a3400000| Untracked 
|  33|0x00000000a3500000, 0x00000000a3500000, 0x00000000a3600000|  0%| F|  |TAMS 0x00000000a3500000, 0x00000000a3500000| Untracked 
|  34|0x00000000a3600000, 0x00000000a3600000, 0x00000000a3700000|  0%| F|  |TAMS 0x00000000a3600000, 0x00000000a3600000| Untracked 
|  35|0x00000000a3700000, 0x00000000a3700000, 0x00000000a3800000|  0%| F|  |TAMS 0x00000000a3700000, 0x00000000a3700000| Untracked 
|  36|0x00000000a3800000, 0x00000000a3800000, 0x00000000a3900000|  0%| F|  |TAMS 0x00000000a3800000, 0x00000000a3800000| Untracked 
|  37|0x00000000a3900000, 0x00000000a3900000, 0x00000000a3a00000|  0%| F|  |TAMS 0x00000000a3900000, 0x00000000a3900000| Untracked 
|  38|0x00000000a3a00000, 0x00000000a3a00000, 0x00000000a3b00000|  0%| F|  |TAMS 0x00000000a3a00000, 0x00000000a3a00000| Untracked 
|  39|0x00000000a3b00000, 0x00000000a3b628e0, 0x00000000a3c00000| 38%| S|CS|TAMS 0x00000000a3b00000, 0x00000000a3b00000| Complete 
|  40|0x00000000a3c00000, 0x00000000a3d00000, 0x00000000a3d00000|100%| S|CS|TAMS 0x00000000a3c00000, 0x00000000a3c00000| Complete 
|  41|0x00000000a3d00000, 0x00000000a3e00000, 0x00000000a3e00000|100%| S|CS|TAMS 0x00000000a3d00000, 0x00000000a3d00000| Complete 
|  42|0x00000000a3e00000, 0x00000000a3f00000, 0x00000000a3f00000|100%| S|CS|TAMS 0x00000000a3e00000, 0x00000000a3e00000| Complete 
|  43|0x00000000a3f00000, 0x00000000a4000000, 0x00000000a4000000|100%| S|CS|TAMS 0x00000000a3f00000, 0x00000000a3f00000| Complete 
|  44|0x00000000a4000000, 0x00000000a4100000, 0x00000000a4100000|100%| S|CS|TAMS 0x00000000a4000000, 0x00000000a4000000| Complete 
|  45|0x00000000a4100000, 0x00000000a4100000, 0x00000000a4200000|  0%| F|  |TAMS 0x00000000a4100000, 0x00000000a4100000| Untracked 
|  46|0x00000000a4200000, 0x00000000a4200000, 0x00000000a4300000|  0%| F|  |TAMS 0x00000000a4200000, 0x00000000a4200000| Untracked 
|  47|0x00000000a4300000, 0x00000000a4300000, 0x00000000a4400000|  0%| F|  |TAMS 0x00000000a4300000, 0x00000000a4300000| Untracked 
|  48|0x00000000a4400000, 0x00000000a4400000, 0x00000000a4500000|  0%| F|  |TAMS 0x00000000a4400000, 0x00000000a4400000| Untracked 
|  49|0x00000000a4500000, 0x00000000a4500000, 0x00000000a4600000|  0%| F|  |TAMS 0x00000000a4500000, 0x00000000a4500000| Untracked 
|  50|0x00000000a4600000, 0x00000000a4600000, 0x00000000a4700000|  0%| F|  |TAMS 0x00000000a4600000, 0x00000000a4600000| Untracked 
|  51|0x00000000a4700000, 0x00000000a4700000, 0x00000000a4800000|  0%| F|  |TAMS 0x00000000a4700000, 0x00000000a4700000| Untracked 
|  52|0x00000000a4800000, 0x00000000a4800000, 0x00000000a4900000|  0%| F|  |TAMS 0x00000000a4800000, 0x00000000a4800000| Untracked 
|  53|0x00000000a4900000, 0x00000000a4900000, 0x00000000a4a00000|  0%| F|  |TAMS 0x00000000a4900000, 0x00000000a4900000| Untracked 
|  54|0x00000000a4a00000, 0x00000000a4a00000, 0x00000000a4b00000|  0%| F|  |TAMS 0x00000000a4a00000, 0x00000000a4a00000| Untracked 
|  55|0x00000000a4b00000, 0x00000000a4b00000, 0x00000000a4c00000|  0%| F|  |TAMS 0x00000000a4b00000, 0x00000000a4b00000| Untracked 
|  56|0x00000000a4c00000, 0x00000000a4d00000, 0x00000000a4d00000|100%| E|  |TAMS 0x00000000a4c00000, 0x00000000a4c00000| Complete 
|  57|0x00000000a4d00000, 0x00000000a4e00000, 0x00000000a4e00000|100%| E|CS|TAMS 0x00000000a4d00000, 0x00000000a4d00000| Complete 
|  58|0x00000000a4e00000, 0x00000000a4f00000, 0x00000000a4f00000|100%| E|CS|TAMS 0x00000000a4e00000, 0x00000000a4e00000| Complete 
|  59|0x00000000a4f00000, 0x00000000a5000000, 0x00000000a5000000|100%| E|CS|TAMS 0x00000000a4f00000, 0x00000000a4f00000| Complete 
|  60|0x00000000a5000000, 0x00000000a5100000, 0x00000000a5100000|100%| E|CS|TAMS 0x00000000a5000000, 0x00000000a5000000| Complete 
|  61|0x00000000a5100000, 0x00000000a5200000, 0x00000000a5200000|100%| E|CS|TAMS 0x00000000a5100000, 0x00000000a5100000| Complete 
|  62|0x00000000a5200000, 0x00000000a5300000, 0x00000000a5300000|100%| E|CS|TAMS 0x00000000a5200000, 0x00000000a5200000| Complete 
|  63|0x00000000a5300000, 0x00000000a5400000, 0x00000000a5400000|100%| E|CS|TAMS 0x00000000a5300000, 0x00000000a5300000| Complete 
|  64|0x00000000a5400000, 0x00000000a5500000, 0x00000000a5500000|100%| E|CS|TAMS 0x00000000a5400000, 0x00000000a5400000| Complete 
|  65|0x00000000a5500000, 0x00000000a5600000, 0x00000000a5600000|100%| E|CS|TAMS 0x00000000a5500000, 0x00000000a5500000| Complete 
|  66|0x00000000a5600000, 0x00000000a5700000, 0x00000000a5700000|100%| E|CS|TAMS 0x00000000a5600000, 0x00000000a5600000| Complete 
|  67|0x00000000a5700000, 0x00000000a5800000, 0x00000000a5800000|100%| E|CS|TAMS 0x00000000a5700000, 0x00000000a5700000| Complete 
|  68|0x00000000a5800000, 0x00000000a5900000, 0x00000000a5900000|100%| E|CS|TAMS 0x00000000a5800000, 0x00000000a5800000| Complete 
|  69|0x00000000a5900000, 0x00000000a5a00000, 0x00000000a5a00000|100%| E|CS|TAMS 0x00000000a5900000, 0x00000000a5900000| Complete 
|  70|0x00000000a5a00000, 0x00000000a5b00000, 0x00000000a5b00000|100%| E|CS|TAMS 0x00000000a5a00000, 0x00000000a5a00000| Complete 
|  71|0x00000000a5b00000, 0x00000000a5c00000, 0x00000000a5c00000|100%| E|CS|TAMS 0x00000000a5b00000, 0x00000000a5b00000| Complete 
|  72|0x00000000a5c00000, 0x00000000a5d00000, 0x00000000a5d00000|100%| E|CS|TAMS 0x00000000a5c00000, 0x00000000a5c00000| Complete 
|  73|0x00000000a5d00000, 0x00000000a5e00000, 0x00000000a5e00000|100%| E|CS|TAMS 0x00000000a5d00000, 0x00000000a5d00000| Complete 
|  74|0x00000000a5e00000, 0x00000000a5f00000, 0x00000000a5f00000|100%| E|CS|TAMS 0x00000000a5e00000, 0x00000000a5e00000| Complete 
|  75|0x00000000a5f00000, 0x00000000a6000000, 0x00000000a6000000|100%| E|CS|TAMS 0x00000000a5f00000, 0x00000000a5f00000| Complete 
|  76|0x00000000a6000000, 0x00000000a6100000, 0x00000000a6100000|100%| E|CS|TAMS 0x00000000a6000000, 0x00000000a6000000| Complete 
|  77|0x00000000a6100000, 0x00000000a6200000, 0x00000000a6200000|100%| E|CS|TAMS 0x00000000a6100000, 0x00000000a6100000| Complete 
|  78|0x00000000a6200000, 0x00000000a6300000, 0x00000000a6300000|100%| E|CS|TAMS 0x00000000a6200000, 0x00000000a6200000| Complete 
|  79|0x00000000a6300000, 0x00000000a6400000, 0x00000000a6400000|100%| E|CS|TAMS 0x00000000a6300000, 0x00000000a6300000| Complete 
|  80|0x00000000a6400000, 0x00000000a6500000, 0x00000000a6500000|100%| E|CS|TAMS 0x00000000a6400000, 0x00000000a6400000| Complete 
|  81|0x00000000a6500000, 0x00000000a6600000, 0x00000000a6600000|100%| E|CS|TAMS 0x00000000a6500000, 0x00000000a6500000| Complete 
|  82|0x00000000a6600000, 0x00000000a6700000, 0x00000000a6700000|100%| E|CS|TAMS 0x00000000a6600000, 0x00000000a6600000| Complete 
|  83|0x00000000a6700000, 0x00000000a6800000, 0x00000000a6800000|100%| E|CS|TAMS 0x00000000a6700000, 0x00000000a6700000| Complete 
|  84|0x00000000a6800000, 0x00000000a6900000, 0x00000000a6900000|100%| E|CS|TAMS 0x00000000a6800000, 0x00000000a6800000| Complete 
|  85|0x00000000a6900000, 0x00000000a6a00000, 0x00000000a6a00000|100%| E|CS|TAMS 0x00000000a6900000, 0x00000000a6900000| Complete 
|  86|0x00000000a6a00000, 0x00000000a6b00000, 0x00000000a6b00000|100%| E|CS|TAMS 0x00000000a6a00000, 0x00000000a6a00000| Complete 
|  87|0x00000000a6b00000, 0x00000000a6c00000, 0x00000000a6c00000|100%| E|CS|TAMS 0x00000000a6b00000, 0x00000000a6b00000| Complete 
|  88|0x00000000a6c00000, 0x00000000a6d00000, 0x00000000a6d00000|100%| E|CS|TAMS 0x00000000a6c00000, 0x00000000a6c00000| Complete 
|  89|0x00000000a6d00000, 0x00000000a6e00000, 0x00000000a6e00000|100%| E|CS|TAMS 0x00000000a6d00000, 0x00000000a6d00000| Complete 
|  90|0x00000000a6e00000, 0x00000000a6f00000, 0x00000000a6f00000|100%| E|CS|TAMS 0x00000000a6e00000, 0x00000000a6e00000| Complete 
|  91|0x00000000a6f00000, 0x00000000a7000000, 0x00000000a7000000|100%| E|CS|TAMS 0x00000000a6f00000, 0x00000000a6f00000| Complete 
|  92|0x00000000a7000000, 0x00000000a7100000, 0x00000000a7100000|100%| E|CS|TAMS 0x00000000a7000000, 0x00000000a7000000| Complete 
|  93|0x00000000a7100000, 0x00000000a7200000, 0x00000000a7200000|100%| E|CS|TAMS 0x00000000a7100000, 0x00000000a7100000| Complete 
|  94|0x00000000a7200000, 0x00000000a7300000, 0x00000000a7300000|100%| E|CS|TAMS 0x00000000a7200000, 0x00000000a7200000| Complete 
|  95|0x00000000a7300000, 0x00000000a7400000, 0x00000000a7400000|100%| E|CS|TAMS 0x00000000a7300000, 0x00000000a7300000| Complete 

Card table byte_map: [0x0000011eb5800000,0x0000011eb5b00000] _byte_map_base: 0x0000011eb52f6000

Marking Bits (Prev, Next): (CMBitMap*) 0x0000011e9e07c8e0, (CMBitMap*) 0x0000011e9e07c8a8
 Prev Bits: [0x0000011eb75b0000, 0x0000011eb8d60000)
 Next Bits: [0x0000011eb5e00000, 0x0000011eb75b0000)

Polling page: 0x0000011e9d820000

Metaspace:

Usage:
  Non-class:     25.75 MB capacity,    25.26 MB ( 98%) used,   406.41 KB (  2%) free+waste,    93.19 KB ( <1%) overhead. 
      Class:      3.55 MB capacity,     3.23 MB ( 91%) used,   282.20 KB (  8%) free+waste,    45.63 KB (  1%) overhead. 
       Both:     29.30 MB capacity,    28.49 MB ( 97%) used,   688.61 KB (  2%) free+waste,   138.81 KB ( <1%) overhead. 

Virtual space:
  Non-class space:       26.00 MB reserved,      25.92 MB (>99%) committed 
      Class space:        1.00 GB reserved,       3.63 MB ( <1%) committed 
             Both:        1.03 GB reserved,      29.55 MB (  3%) committed 

Chunk freelists:
   Non-Class:  5.75 KB
       Class:  1.50 KB
        Both:  7.25 KB

CodeHeap 'non-profiled nmethods': size=120064Kb used=1046Kb max_used=1046Kb free=119017Kb
 bounds [0x0000011eadfc0000, 0x0000011eae230000, 0x0000011eb5500000]
CodeHeap 'profiled nmethods': size=120000Kb used=5295Kb max_used=5295Kb free=114705Kb
 bounds [0x0000011ea6a90000, 0x0000011ea6fc0000, 0x0000011eadfc0000]
CodeHeap 'non-nmethods': size=5696Kb used=1151Kb max_used=1171Kb free=4544Kb
 bounds [0x0000011ea6500000, 0x0000011ea6770000, 0x0000011ea6a90000]
 total_blobs=2995 nmethods=2507 adapters=399
 compilation: enabled
              stopped_count=0, restarted_count=0
 full_count=0

Compilation events (10 events):
Event: 7.178 Thread 0x0000011ebb261000 2495       3       com.google.common.base.Preconditions::checkPositionIndex (25 bytes)
Event: 7.178 Thread 0x0000011ebb261000 nmethod 2495 0x0000011ea6fb6c10 code [0x0000011ea6fb6de0, 0x0000011ea6fb7038]
Event: 7.178 Thread 0x0000011ebb261000 2497       3       com.google.common.base.CharMatcher::indexIn (48 bytes)
Event: 7.179 Thread 0x0000011ebb261000 nmethod 2497 0x0000011ea6fb7190 code [0x0000011ea6fb73a0, 0x0000011ea6fb7a68]
Event: 7.179 Thread 0x0000011ebb261000 2498       3       com.google.common.base.Splitter$1$1::separatorStart (16 bytes)
Event: 7.179 Thread 0x0000011ebb261000 nmethod 2498 0x0000011ea6fb7d10 code [0x0000011ea6fb7ec0, 0x0000011ea6fb8088]
Event: 7.179 Thread 0x0000011ebb261000 2499       3       com.google.common.base.Splitter$SplittingIterator::computeNext (5 bytes)
Event: 7.179 Thread 0x0000011ebb261000 nmethod 2499 0x0000011ea6fb8190 code [0x0000011ea6fb8340, 0x0000011ea6fb84e8]
Event: 7.179 Thread 0x0000011ebb261000 2500       3       com.google.common.base.AbstractIterator::tryToComputeNext (36 bytes)
Event: 7.179 Thread 0x0000011ebb261000 nmethod 2500 0x0000011ea6fb8590 code [0x0000011ea6fb8760, 0x0000011ea6fb8ac8]

GC Heap History (4 events):
Event: 0.732 GC heap before
{Heap before GC invocations=0 (full 0):
 garbage-first heap   total 98304K, used 13312K [0x00000000a1400000, 0x0000000100000000)
  region size 1024K, 14 young (14336K), 0 survivors (0K)
 Metaspace       used 7319K, capacity 7409K, committed 7680K, reserved 1056768K
  class space    used 665K, capacity 704K, committed 768K, reserved 1048576K
}
Event: 0.737 GC heap after
{Heap after GC invocations=1 (full 0):
 garbage-first heap   total 98304K, used 4440K [0x00000000a1400000, 0x0000000100000000)
  region size 1024K, 2 young (2048K), 2 survivors (2048K)
 Metaspace       used 7319K, capacity 7409K, committed 7680K, reserved 1056768K
  class space    used 665K, capacity 704K, committed 768K, reserved 1048576K
}
Event: 2.827 GC heap before
{Heap before GC invocations=1 (full 0):
 garbage-first heap   total 98304K, used 53592K [0x00000000a1400000, 0x0000000100000000)
  region size 1024K, 51 young (52224K), 2 survivors (2048K)
 Metaspace       used 20658K, capacity 21151K, committed 21296K, reserved 1069056K
  class space    used 2222K, capacity 2403K, committed 2432K, reserved 1048576K
}
Event: 2.843 GC heap after
{Heap after GC invocations=2 (full 0):
 garbage-first heap   total 98304K, used 7906K [0x00000000a1400000, 0x0000000100000000)
  region size 1024K, 6 young (6144K), 6 survivors (6144K)
 Metaspace       used 20658K, capacity 21151K, committed 21296K, reserved 1069056K
  class space    used 2222K, capacity 2403K, committed 2432K, reserved 1048576K
}

Deoptimization events (10 events):
Event: 3.225 Thread 0x0000011e9e047000 Uncommon trap: reason=unstable_if action=reinterpret pc=0x0000011eae074614 method=java.util.concurrent.ConcurrentHashMap.transfer([Ljava/util/concurrent/ConcurrentHashMap$Node;[Ljava/util/concurrent/ConcurrentHashMap$Node;)V @ 630 c2
Event: 3.290 Thread 0x0000011e9e047000 Uncommon trap: reason=unstable_if action=reinterpret pc=0x0000011eae0625b4 method=java.lang.CharacterDataLatin1.digit(II)I @ 7 c2
Event: 3.290 Thread 0x0000011e9e047000 Uncommon trap: reason=unstable_if action=reinterpret pc=0x0000011eae05f3b0 method=java.lang.CharacterDataLatin1.digit(II)I @ 7 c2
Event: 3.300 Thread 0x0000011e9e047000 Uncommon trap: reason=unstable_if action=reinterpret pc=0x0000011eadfcc128 method=java.lang.String.equals(Ljava/lang/Object;)Z @ 27 c2
Event: 3.573 Thread 0x0000011e9e047000 Uncommon trap: reason=unstable_if action=reinterpret pc=0x0000011eae06cd18 method=java.io.ByteArrayInputStream.read([BII)I @ 35 c2
Event: 3.623 Thread 0x0000011e9e047000 Uncommon trap: reason=unstable_if action=reinterpret pc=0x0000011eae033084 method=java.lang.String.replace(CC)Ljava/lang/String; @ 2 c2
Event: 4.424 Thread 0x0000011e9e047000 Uncommon trap: reason=class_check action=maybe_recompile pc=0x0000011eae089930 method=java.io.DataInputStream.readByte()B @ 4 c2
Event: 4.424 Thread 0x0000011e9e047000 Uncommon trap: reason=class_check action=maybe_recompile pc=0x0000011eae089930 method=java.io.DataInputStream.readByte()B @ 4 c2
Event: 4.424 Thread 0x0000011e9e047000 Uncommon trap: reason=class_check action=maybe_recompile pc=0x0000011eae089930 method=java.io.DataInputStream.readByte()B @ 4 c2
Event: 4.424 Thread 0x0000011e9e047000 Uncommon trap: reason=class_check action=maybe_recompile pc=0x0000011eae089930 method=java.io.DataInputStream.readByte()B @ 4 c2

Classes redefined (0 events):
No events

Internal exceptions (10 events):
Event: 3.653 Thread 0x0000011ebd26a800 Exception <a 'java/lang/NoSuchMethodError'{0x00000000a58a7868}: java.lang.invoke.DirectMethodHandle$Holder.invokeStatic(Ljava/lang/Object;Ljava/lang/Object;J)Ljava/lang/Object;> (0x00000000a58a7868) thrown at [./open/src/hotspot/share/interpreter/linkReso
Event: 3.654 Thread 0x0000011ebd26a800 Exception <a 'java/lang/NoSuchMethodError'{0x00000000a58adb38}: java.lang.invoke.Invokers$Holder.linkToTargetMethod(Ljava/lang/Object;JLjava/lang/Object;)Ljava/lang/Object;> (0x00000000a58adb38) thrown at [./open/src/hotspot/share/interpreter/linkResolver
Event: 4.155 Thread 0x0000011ebd324800 Exception <a 'java/net/SocketTimeoutException'{0x00000000a58d0598}: connect timed out> (0x00000000a58d0598) thrown at [./open/src/hotspot/share/prims/jni.cpp, line 632]
Event: 4.199 Thread 0x0000011e9e047000 Exception <a 'java/lang/NoSuchMethodError'{0x00000000a5749ba8}: java.lang.invoke.DirectMethodHandle$Holder.invokeInterface(Ljava/lang/Object;Ljava/lang/Object;Ljava/lang/Object;Ljava/lang/Object;)Ljava/lang/Object;> (0x00000000a5749ba8) thrown at [./open/
Event: 4.228 Thread 0x0000011e9e047000 Exception <a 'java/lang/NoSuchMethodError'{0x00000000a5646088}: java.lang.invoke.DirectMethodHandle$Holder.invokeVirtual(Ljava/lang/Object;Ljava/lang/Object;)D> (0x00000000a5646088) thrown at [./open/src/hotspot/share/interpreter/linkResolver.cpp, line 77
Event: 4.229 Thread 0x0000011e9e047000 Exception <a 'java/lang/NoSuchMethodError'{0x00000000a564be50}: java.lang.invoke.DirectMethodHandle$Holder.invokeVirtual(Ljava/lang/Object;Ljava/lang/Object;)F> (0x00000000a564be50) thrown at [./open/src/hotspot/share/interpreter/linkResolver.cpp, line 77
Event: 4.229 Thread 0x0000011e9e047000 Exception <a 'java/lang/NoSuchMethodError'{0x00000000a5654570}: java.lang.invoke.DirectMethodHandle$Holder.invokeVirtual(Ljava/lang/Object;Ljava/lang/Object;)J> (0x00000000a5654570) thrown at [./open/src/hotspot/share/interpreter/linkResolver.cpp, line 77
Event: 6.938 Thread 0x0000011e9e047000 Exception <a 'java/lang/NoSuchMethodError'{0x00000000a4d3b540}: java.lang.invoke.DirectMethodHandle$Holder.invokeSpecialIFC(Ljava/lang/Object;Ljava/lang/Object;Ljava/lang/Object;)Ljava/lang/Object;> (0x00000000a4d3b540) thrown at [./open/src/hotspot/share
Event: 6.971 Thread 0x0000011e9e047000 Exception <a 'java/lang/NoSuchMethodError'{0x00000000a4dc27a8}: java.lang.invoke.DirectMethodHandle$Holder.invokeStatic(Ljava/lang/Object;ILjava/lang/Object;)Ljava/lang/Object;> (0x00000000a4dc27a8) thrown at [./open/src/hotspot/share/interpreter/linkReso
Event: 7.035 Thread 0x0000011e9e047000 Exception <a 'java/lang/ClassNotFoundException'{0x00000000a4c34df0}: sun/util/logging/resources/spi/loggingProvider> (0x00000000a4c34df0) thrown at [./open/src/hotspot/share/classfile/systemDictionary.cpp, line 228]

Events (10 events):
Event: 7.155 loading class org/openqa/selenium/remote/http/AbstractHttpCommandCodec$CommandSpec
Event: 7.155 loading class org/openqa/selenium/remote/http/AbstractHttpCommandCodec$CommandSpec done
Event: 7.157 loading class com/google/common/base/Splitter$5
Event: 7.157 loading class com/google/common/base/Splitter$5 done
Event: 7.162 loading class com/google/common/base/AbstractIterator$State
Event: 7.162 loading class com/google/common/base/AbstractIterator$State done
Event: 7.164 loading class com/google/common/base/AbstractIterator$1
Event: 7.164 loading class com/google/common/base/AbstractIterator$1 done
Event: 7.179 loading class org/openqa/selenium/interactions/PointerInput
Event: 7.179 loading class org/openqa/selenium/interactions/PointerInput done


Dynamic libraries:
0x00007ff736690000 - 0x00007ff73669f000 	C:\Program Files\Java\jdk-11.0.12\bin\java.exe
0x00007fff9ecc0000 - 0x00007fff9eec9000 	C:\WINDOWS\SYSTEM32\ntdll.dll
0x00007fff9d500000 - 0x00007fff9d5be000 	C:\WINDOWS\System32\KERNEL32.DLL
0x00007fff9c7c0000 - 0x00007fff9cb3b000 	C:\WINDOWS\System32\KERNELBASE.dll
0x00007fff9c500000 - 0x00007fff9c611000 	C:\WINDOWS\System32\ucrtbase.dll
0x00007fff89620000 - 0x00007fff89635000 	C:\Program Files\Java\jdk-11.0.12\bin\VCRUNTIME140.dll
0x00007fff896e0000 - 0x00007fff896f8000 	C:\Program Files\Java\jdk-11.0.12\bin\jli.dll
0x00007fff9e6c0000 - 0x00007fff9e76e000 	C:\WINDOWS\System32\ADVAPI32.dll
0x00007fff9d750000 - 0x00007fff9d7f3000 	C:\WINDOWS\System32\msvcrt.dll
0x00007fff9cc60000 - 0x00007fff9ccfe000 	C:\WINDOWS\System32\sechost.dll
0x00007fff9cb40000 - 0x00007fff9cc60000 	C:\WINDOWS\System32\RPCRT4.dll
0x00007fff9ead0000 - 0x00007fff9ec7d000 	C:\WINDOWS\System32\USER32.dll
0x00007fff9c410000 - 0x00007fff9c436000 	C:\WINDOWS\System32\win32u.dll
0x00007fff9eaa0000 - 0x00007fff9eac9000 	C:\WINDOWS\System32\GDI32.dll
0x00007fff9c620000 - 0x00007fff9c738000 	C:\WINDOWS\System32\gdi32full.dll
0x00007fff9c200000 - 0x00007fff9c29d000 	C:\WINDOWS\System32\msvcp_win.dll
0x00007fff81960000 - 0x00007fff81c05000 	C:\WINDOWS\WinSxS\amd64_microsoft.windows.common-controls_6595b64144ccf1df_6.0.22000.120_none_9d947278b86cc467\COMCTL32.dll
0x00007fff95cb0000 - 0x00007fff95cba000 	C:\WINDOWS\SYSTEM32\VERSION.dll
0x00007fff9e850000 - 0x00007fff9e882000 	C:\WINDOWS\System32\IMM32.DLL
0x00007fff7a7d0000 - 0x00007fff7a86b000 	C:\Program Files\Java\jdk-11.0.12\bin\msvcp140.dll
0x00007fff1ebc0000 - 0x00007fff1f6bf000 	C:\Program Files\Java\jdk-11.0.12\bin\server\jvm.dll
0x00007fff9e590000 - 0x00007fff9e598000 	C:\WINDOWS\System32\PSAPI.DLL
0x00007fff97570000 - 0x00007fff975a3000 	C:\WINDOWS\SYSTEM32\WINMM.dll
0x00007fff7a590000 - 0x00007fff7a599000 	C:\WINDOWS\SYSTEM32\WSOCK32.dll
0x00007fff9d5e0000 - 0x00007fff9d64f000 	C:\WINDOWS\System32\WS2_32.dll
0x00007fff9b210000 - 0x00007fff9b228000 	C:\WINDOWS\SYSTEM32\kernel.appcore.dll
0x00007fff8d350000 - 0x00007fff8d360000 	C:\Program Files\Java\jdk-11.0.12\bin\verify.dll
0x00007fff8aa60000 - 0x00007fff8ac81000 	C:\WINDOWS\SYSTEM32\DBGHELP.DLL
0x00007fff89e30000 - 0x00007fff89e61000 	C:\WINDOWS\SYSTEM32\dbgcore.DLL
0x00007fff9c740000 - 0x00007fff9c7bf000 	C:\WINDOWS\System32\bcryptPrimitives.dll
0x00007fff894d0000 - 0x00007fff894f8000 	C:\Program Files\Java\jdk-11.0.12\bin\java.dll
0x00007fff89610000 - 0x00007fff8961a000 	C:\Program Files\Java\jdk-11.0.12\bin\jimage.dll
0x00007fff97900000 - 0x00007fff9790e000 	C:\Program Files\Java\jdk-11.0.12\bin\instrument.dll
0x00007fff89380000 - 0x00007fff89396000 	C:\Program Files\Java\jdk-11.0.12\bin\zip.dll
0x00007fff9dc70000 - 0x00007fff9e428000 	C:\WINDOWS\System32\SHELL32.dll
0x00007fff9a280000 - 0x00007fff9aae5000 	C:\WINDOWS\SYSTEM32\windows.storage.dll
0x00007fff9d180000 - 0x00007fff9d4f8000 	C:\WINDOWS\System32\combase.dll
0x00007fff9a110000 - 0x00007fff9a276000 	C:\WINDOWS\SYSTEM32\wintypes.dll
0x00007fff9e4a0000 - 0x00007fff9e58a000 	C:\WINDOWS\System32\SHCORE.dll
0x00007fff9cd00000 - 0x00007fff9cd5d000 	C:\WINDOWS\System32\shlwapi.dll
0x00007fff9c0c0000 - 0x00007fff9c0e1000 	C:\WINDOWS\SYSTEM32\profapi.dll
0x00007fff88f70000 - 0x00007fff88f89000 	C:\Program Files\Java\jdk-11.0.12\bin\net.dll
0x00007fff96810000 - 0x00007fff96924000 	C:\WINDOWS\SYSTEM32\WINHTTP.dll
0x00007fff9b6b0000 - 0x00007fff9b717000 	C:\WINDOWS\system32\mswsock.dll
0x00007fff88f50000 - 0x00007fff88f62000 	C:\Program Files\Java\jdk-11.0.12\bin\nio.dll
0x00007fff89590000 - 0x00007fff895aa000 	C:\Users\12027\AppData\Local\JetBrains\Toolbox\apps\IDEA-U\ch-0\221.5787.30\bin\breakgen64.dll
0x00007fff9b8f0000 - 0x00007fff9b908000 	C:\WINDOWS\SYSTEM32\CRYPTSP.dll
0x00007fff9b170000 - 0x00007fff9b1a5000 	C:\WINDOWS\system32\rsaenh.dll
0x00007fff9b7a0000 - 0x00007fff9b7c9000 	C:\WINDOWS\SYSTEM32\USERENV.dll
0x00007fff9ba80000 - 0x00007fff9baa7000 	C:\WINDOWS\SYSTEM32\bcrypt.dll
0x00007fff9b910000 - 0x00007fff9b91c000 	C:\WINDOWS\SYSTEM32\CRYPTBASE.dll
0x00007fff9ad40000 - 0x00007fff9ad6d000 	C:\WINDOWS\SYSTEM32\IPHLPAPI.DLL
0x00007fff9cfb0000 - 0x00007fff9cfb9000 	C:\WINDOWS\System32\NSI.dll
0x00007fff964c0000 - 0x00007fff964d9000 	C:\WINDOWS\SYSTEM32\dhcpcsvc6.DLL
0x00007fff96a60000 - 0x00007fff96a7e000 	C:\WINDOWS\SYSTEM32\dhcpcsvc.DLL
0x00007fff9ad70000 - 0x00007fff9ae58000 	C:\WINDOWS\SYSTEM32\DNSAPI.dll
0x00007fff89500000 - 0x00007fff8950d000 	C:\Program Files\Java\jdk-11.0.12\bin\sunmscapi.dll
0x00007fff9c2a0000 - 0x00007fff9c402000 	C:\WINDOWS\System32\CRYPT32.dll
0x00007fff9ba50000 - 0x00007fff9ba78000 	C:\WINDOWS\SYSTEM32\ncrypt.dll
0x00007fff9ba10000 - 0x00007fff9ba47000 	C:\WINDOWS\SYSTEM32\NTASN1.dll
0x00007fff7d280000 - 0x00007fff7d2a5000 	C:\Program Files\Java\jdk-11.0.12\bin\sunec.dll
0x00007fff88e90000 - 0x00007fff88e9a000 	C:\Windows\System32\rasadhlp.dll
0x00007fff958c0000 - 0x00007fff95941000 	C:\WINDOWS\System32\fwpuclnt.dll

dbghelp: loaded successfully - version: 4.0.5 - missing functions: none
symbol engine: initialized successfully - sym options: 0x614 - pdb path: .;C:\Program Files\Java\jdk-11.0.12\bin;C:\WINDOWS\SYSTEM32;C:\WINDOWS\WinSxS\amd64_microsoft.windows.common-controls_6595b64144ccf1df_6.0.22000.120_none_9d947278b86cc467;C:\Program Files\Java\jdk-11.0.12\bin\server;C:\Users\12027\AppData\Local\JetBrains\Toolbox\apps\IDEA-U\ch-0\221.5787.30\bin

VM Arguments:
jvm_args: -ea -DnodeNamesHandler=org.jetbrains.plugins.cucumber.java.run.CucumberTestTreeNodeManager -Didea.test.cyclic.buffer.size=1048576 -javaagent:C:\Users\12027\AppData\Local\JetBrains\Toolbox\apps\IDEA-U\ch-0\221.5787.30\lib\idea_rt.jar=51452:C:\Users\12027\AppData\Local\JetBrains\Toolbox\apps\IDEA-U\ch-0\221.5787.30\bin -Dfile.encoding=UTF-8 
java_command: com.intellij.rt.junit.JUnitStarter -ideVersion5 -junit4 com.library.runner.CukesRunner
java_class_path (initial): C:\Users\12027\AppData\Local\JetBrains\Toolbox\apps\IDEA-U\ch-0\221.5787.30\lib\idea_rt.jar;C:\Users\12027\AppData\Local\JetBrains\Toolbox\apps\IDEA-U\ch-0\221.5787.30\plugins\junit\lib\junit5-rt.jar;C:\Users\12027\AppData\Local\JetBrains\Toolbox\apps\IDEA-U\ch-0\221.5787.30\plugins\junit\lib\junit-rt.jar;C:\Users\12027\IdeaProjects\Library_CT\target\test-classes;C:\Users\12027\.m2\repository\org\seleniumhq\selenium\selenium-java\3.141.59\selenium-java-3.141.59.jar;C:\Users\12027\.m2\repository\org\seleniumhq\selenium\selenium-api\3.141.59\selenium-api-3.141.59.jar;C:\Users\12027\.m2\repository\org\seleniumhq\selenium\selenium-chrome-driver\3.141.59\selenium-chrome-driver-3.141.59.jar;C:\Users\12027\.m2\repository\org\seleniumhq\selenium\selenium-edge-driver\3.141.59\selenium-edge-driver-3.141.59.jar;C:\Users\12027\.m2\repository\org\seleniumhq\selenium\selenium-firefox-driver\3.141.59\selenium-firefox-driver-3.141.59.jar;C:\Users\12027\.m2\repository\org\seleniumhq\selenium\selenium-ie-driver\3.141.59\selenium-ie-driver-3.141.59.jar;C:\Users\12027\.m2\repository\org\seleniumhq\selenium\selenium-opera-driver\3.141.59\selenium-opera-driver-3.141.59.jar;C:\Users\12027\.m2\repository\org\seleniumhq\selenium\selenium-remote-driver\3.141.59\selenium-remote-driver-3.141.59.jar;C:\Users\12027\.m2\repository\org\seleniumhq\selenium\selenium-safari-driver\3.141.59\selenium-safari-driver-3.141.59.jar;C:\Users\12027\.m2\repository\org\seleniumhq\selenium\selenium-support\3.141.59\selenium-support-3.141.59.jar;C:\Users\12027\.m2\repository\net\bytebuddy\byte-buddy\1.8.15\byte-buddy-1.8.15.jar;C:\Users\12027\.m2\repository\org\apache\commons\commons-exec\1.3\commons-exec-1.3.jar;C:\Users\12027\.m2\repository\com\google\guava\guava\25.0-jre\guava-25.0-jre.jar;C:\Users\12027\.m2\repository\com\google\code\findbugs\jsr305\1.3.9\jsr305-1.3.9.jar;C:\Users\12027\.m2\repository\org\checkerframework\checker-compat-qual\2.0.0\checker-compat-qual-2.0.0.jar;C:\
Launcher Type: SUN_STANDARD

[Global flags]
     intx CICompilerCount                          = 3                                         {product} {ergonomic}
     uint ConcGCThreads                            = 1                                         {product} {ergonomic}
     uint G1ConcRefinementThreads                  = 4                                         {product} {ergonomic}
   size_t G1HeapRegionSize                         = 1048576                                   {product} {ergonomic}
    uintx GCDrainStackTargetSize                   = 64                                        {product} {ergonomic}
   size_t InitialHeapSize                          = 100663296                                 {product} {ergonomic}
   size_t MarkStackSize                            = 4194304                                   {product} {ergonomic}
   size_t MaxHeapSize                              = 1589641216                                {product} {ergonomic}
   size_t MaxNewSize                               = 953155584                                 {product} {ergonomic}
   size_t MinHeapDeltaBytes                        = 1048576                                   {product} {ergonomic}
    uintx NonNMethodCodeHeapSize                   = 5830732                                {pd product} {ergonomic}
    uintx NonProfiledCodeHeapSize                  = 122913754                              {pd product} {ergonomic}
    uintx ProfiledCodeHeapSize                     = 122913754                              {pd product} {ergonomic}
    uintx ReservedCodeCacheSize                    = 251658240                              {pd product} {ergonomic}
     bool SegmentedCodeCache                       = true                                      {product} {ergonomic}
     bool UseCompressedClassPointers               = true                                 {lp64_product} {ergonomic}
     bool UseCompressedOops                        = true                                 {lp64_product} {ergonomic}
     bool UseG1GC                                  = true                                      {product} {ergonomic}
     bool UseLargePagesIndividualAllocation        = false                                  {pd product} {ergonomic}

Logging:
Log output configuration:
 #0: stdout all=warning uptime,level,tags
 #1: stderr all=off uptime,level,tags

Environment Variables:
PATH=C:\Program Files\Common Files\Oracle\Java\javapath;C:\Program Files (x86)\Common Files\Oracle\Java\javapath;C:\WINDOWS\system32;C:\WINDOWS;C:\WINDOWS\System32\Wbem;C:\WINDOWS\System32\WindowsPowerShell\v1.0\;C:\WINDOWS\System32\OpenSSH\;C:\Program Files\Java\jdk1.8.0_321\bin;C:\Program Files\Java\jdk1.8.0_321\bin;C:\Users\12027\AppData\Local\Microsoft\WindowsApps;C:\Program Files\Java\jdk-13.0.1\bin.;C:\Users\12027\AppData\Local\JetBrains\Toolbox\scripts;C:\Users\12027\AppData\Local\Programs\Git\cmd
USERNAME=ikram
OS=Windows_NT
PROCESSOR_IDENTIFIER=AMD64 Family 23 Model 24 Stepping 1, AuthenticAMD



---------------  S Y S T E M  ---------------

OS: Windows 10 , 64 bit Build 22000 (10.0.22000.1219)

CPU:total 4 (initial active 4) (4 cores per cpu, 2 threads per core) family 23 model 24 stepping 1 microcode 0x0, cmov, cx8, fxsr, mmx, sse, sse2, sse3, ssse3, sse4.1, sse4.2, popcnt, avx, avx2, aes, clmul, mmxext, 3dnowpref, lzcnt, sse4a, ht, tsc, tscinvbit, tscinv, bmi1, bmi2, adx, s

Memory: 4k page, system-wide physical 6063M (422M free)
TotalPageFile size 24495M (AvailPageFile size 2M)
current process WorkingSet (physical memory assigned to process): 155M, peak: 155M
current process commit charge ("private bytes"): 224M, peak: 224M

vm_info: Java HotSpot(TM) 64-Bit Server VM (11.0.12+8-LTS-237) for windows-amd64 JRE (11.0.12+8-LTS-237), built on Jun  8 2021 11:25:59 by "mach5one" with MS VC++ 15.9 (VS2017)

END.
